Start testing: Nov 18 13:05 MSK
----------------------------------------------------------
1/7 Testing: test-.DS_Store
1/7 Test: test-.DS_Store
Command: "/Applications/CLion.app/Contents/bin/cmake/mac/bin/cmake" "-DTEST_DIR=/Users/anastasiapronina/assignment-3-image-rotation/tester/tests/.DS_Store" "-DIMAGE_TRANSFORMER=/Users/anastasiapronina/assignment-3-image-rotation/build/solution/image-transformer" "-DIMAGE_MATCHER=/Users/anastasiapronina/assignment-3-image-rotation/build/tester/image-matcher" "-P" "/Users/anastasiapronina/assignment-3-image-rotation/tester/tester.cmake"
Directory: /Users/anastasiapronina/assignment-3-image-rotation/build/tester
"test-.DS_Store" start time: Nov 18 13:05 MSK
Output:
----------------------------------------------------------
CMake Error at /Users/anastasiapronina/assignment-3-image-rotation/tester/tester.cmake:24 (file):
  file STRINGS file
  "/Users/anastasiapronina/assignment-3-image-rotation/tester/tests/.DS_Store/angle"
  cannot be read.


<end of output>
Test time =   0.01 sec
----------------------------------------------------------
Test Failed.
"test-.DS_Store" end time: Nov 18 13:05 MSK
"test-.DS_Store" time elapsed: 00:00:00
----------------------------------------------------------

2/7 Testing: test-1
2/7 Test: test-1
Command: "/Applications/CLion.app/Contents/bin/cmake/mac/bin/cmake" "-DTEST_DIR=/Users/anastasiapronina/assignment-3-image-rotation/tester/tests/1" "-DIMAGE_TRANSFORMER=/Users/anastasiapronina/assignment-3-image-rotation/build/solution/image-transformer" "-DIMAGE_MATCHER=/Users/anastasiapronina/assignment-3-image-rotation/build/tester/image-matcher" "-P" "/Users/anastasiapronina/assignment-3-image-rotation/tester/tester.cmake"
Directory: /Users/anastasiapronina/assignment-3-image-rotation/build/tester
"test-1" start time: Nov 18 13:05 MSK
Output:
----------------------------------------------------------
<end of output>
Test time = 2171.00 sec
----------------------------------------------------------
Test Failed.
"test-1" end time: Nov 18 13:41 MSK
"test-1" time elapsed: 00:36:11
----------------------------------------------------------

3/7 Testing: test-2
3/7 Test: test-2
Command: "/Applications/CLion.app/Contents/bin/cmake/mac/bin/cmake" "-DTEST_DIR=/Users/anastasiapronina/assignment-3-image-rotation/tester/tests/2" "-DIMAGE_TRANSFORMER=/Users/anastasiapronina/assignment-3-image-rotation/build/solution/image-transformer" "-DIMAGE_MATCHER=/Users/anastasiapronina/assignment-3-image-rotation/build/tester/image-matcher" "-P" "/Users/anastasiapronina/assignment-3-image-rotation/tester/tester.cmake"
Directory: /Users/anastasiapronina/assignment-3-image-rotation/build/tester
"test-2" start time: Nov 18 13:41 MSK
Output:
----------------------------------------------------------
<end of output>
Test time =   0.07 sec
----------------------------------------------------------
Test Passed.
"test-2" end time: Nov 18 13:41 MSK
"test-2" time elapsed: 00:00:00
----------------------------------------------------------

4/7 Testing: test-3
4/7 Test: test-3
Command: "/Applications/CLion.app/Contents/bin/cmake/mac/bin/cmake" "-DTEST_DIR=/Users/anastasiapronina/assignment-3-image-rotation/tester/tests/3" "-DIMAGE_TRANSFORMER=/Users/anastasiapronina/assignment-3-image-rotation/build/solution/image-transformer" "-DIMAGE_MATCHER=/Users/anastasiapronina/assignment-3-image-rotation/build/tester/image-matcher" "-P" "/Users/anastasiapronina/assignment-3-image-rotation/tester/tester.cmake"
Directory: /Users/anastasiapronina/assignment-3-image-rotation/build/tester
"test-3" start time: Nov 18 13:41 MSK
Output:
----------------------------------------------------------
<end of output>
Test time =   0.01 sec
----------------------------------------------------------
Test Passed.
"test-3" end time: Nov 18 13:41 MSK
"test-3" time elapsed: 00:00:00
----------------------------------------------------------

5/7 Testing: test-4
5/7 Test: test-4
Command: "/Applications/CLion.app/Contents/bin/cmake/mac/bin/cmake" "-DTEST_DIR=/Users/anastasiapronina/assignment-3-image-rotation/tester/tests/4" "-DIMAGE_TRANSFORMER=/Users/anastasiapronina/assignment-3-image-rotation/build/solution/image-transformer" "-DIMAGE_MATCHER=/Users/anastasiapronina/assignment-3-image-rotation/build/tester/image-matcher" "-P" "/Users/anastasiapronina/assignment-3-image-rotation/tester/tester.cmake"
Directory: /Users/anastasiapronina/assignment-3-image-rotation/build/tester
"test-4" start time: Nov 18 13:41 MSK
Output:
----------------------------------------------------------
<end of output>
Test time =   0.06 sec
----------------------------------------------------------
Test Passed.
"test-4" end time: Nov 18 13:41 MSK
"test-4" time elapsed: 00:00:00
----------------------------------------------------------

6/7 Testing: test-5
6/7 Test: test-5
Command: "/Applications/CLion.app/Contents/bin/cmake/mac/bin/cmake" "-DTEST_DIR=/Users/anastasiapronina/assignment-3-image-rotation/tester/tests/5" "-DIMAGE_TRANSFORMER=/Users/anastasiapronina/assignment-3-image-rotation/build/solution/image-transformer" "-DIMAGE_MATCHER=/Users/anastasiapronina/assignment-3-image-rotation/build/tester/image-matcher" "-P" "/Users/anastasiapronina/assignment-3-image-rotation/tester/tester.cmake"
Directory: /Users/anastasiapronina/assignment-3-image-rotation/build/tester
"test-5" start time: Nov 18 13:41 MSK
Output:
----------------------------------------------------------
<end of output>
Test time =   0.07 sec
----------------------------------------------------------
Test Passed.
"test-5" end time: Nov 18 13:41 MSK
"test-5" time elapsed: 00:00:00
----------------------------------------------------------

7/7 Testing: test-6
7/7 Test: test-6
Command: "/Applications/CLion.app/Contents/bin/cmake/mac/bin/cmake" "-DTEST_DIR=/Users/anastasiapronina/assignment-3-image-rotation/tester/tests/6" "-DIMAGE_TRANSFORMER=/Users/anastasiapronina/assignment-3-image-rotation/build/solution/image-transformer" "-DIMAGE_MATCHER=/Users/anastasiapronina/assignment-3-image-rotation/build/tester/image-matcher" "-P" "/Users/anastasiapronina/assignment-3-image-rotation/tester/tester.cmake"
Directory: /Users/anastasiapronina/assignment-3-image-rotation/build/tester
"test-6" start time: Nov 18 13:41 MSK
Output:
----------------------------------------------------------
<end of output>
Test time =   0.07 sec
----------------------------------------------------------
Test Passed.
"test-6" end time: Nov 18 13:41 MSK
"test-6" time elapsed: 00:00:00
----------------------------------------------------------

End testing: Nov 18 13:41 MSK
