<?xml version="1.0" encoding="UTF-8"?>
<Site BuildName="Darwin-clang++"
	BuildStamp="20231113-0746-Experimental"
	Name="MacBook-Pro-Anastasia-4.local"
	Generator="ctest-3.24.2"
	CompilerName="/usr/bin/clang++"
	CompilerVersion=""
	OSName="macOS"
	Hostname="MacBook-Pro-Anastasia-4.local"
	OSRelease="12.3"
	OSVersion="21E230"
	OSPlatform="arm64"
	Is64Bits="1"
	VendorString="IBM"
	VendorID="IBM"
	FamilyID="16777228"
	ModelID="2"
	ProcessorCacheSize="131072"
	NumberOfLogicalCPU="8"
	NumberOfPhysicalCPU="8"
	TotalVirtualMemory="6144"
	TotalPhysicalMemory="16384"
	LogicalProcessorsPerPhysical="8"
	ProcessorClockFrequency="0"
	>
	<Testing>
		<StartDateTime>Nov 13 10:46 MSK</StartDateTime>
		<StartTestTime>1699861616</StartTestTime>
		<TestList/>
		<EndDateTime>Nov 13 10:46 MSK</EndDateTime>
		<EndTestTime>1699861616</EndTestTime>
		<ElapsedMinutes>0</ElapsedMinutes>
	</Testing>
</Site>
