Start testing: Nov 18 13:18 MSK
----------------------------------------------------------
1/6 Testing: test-1
1/6 Test: test-1
Command: "/Applications/CLion.app/Contents/bin/cmake/mac/bin/cmake" "-DTEST_DIR=/Users/anastasiapronina/assignment-3-image-rotation/tester/tests/1" "-DIMAGE_TRANSFORMER=/Users/anastasiapronina/assignment-3-image-rotation/build/solution/image-transformer" "-DIMAGE_MATCHER=/Users/anastasiapronina/assignment-3-image-rotation/build/tester/image-matcher" "-P" "/Users/anastasiapronina/assignment-3-image-rotation/tester/tester.cmake"
Directory: /Users/anastasiapronina/assignment-3-image-rotation/build/tester
"test-1" start time: Nov 18 13:18 MSK
Output:
----------------------------------------------------------
<end of output>
Test time =   0.35 sec
----------------------------------------------------------
Test Passed.
"test-1" end time: Nov 18 13:18 MSK
"test-1" time elapsed: 00:00:00
----------------------------------------------------------

2/6 Testing: test-2
2/6 Test: test-2
Command: "/Applications/CLion.app/Contents/bin/cmake/mac/bin/cmake" "-DTEST_DIR=/Users/anastasiapronina/assignment-3-image-rotation/tester/tests/2" "-DIMAGE_TRANSFORMER=/Users/anastasiapronina/assignment-3-image-rotation/build/solution/image-transformer" "-DIMAGE_MATCHER=/Users/anastasiapronina/assignment-3-image-rotation/build/tester/image-matcher" "-P" "/Users/anastasiapronina/assignment-3-image-rotation/tester/tester.cmake"
Directory: /Users/anastasiapronina/assignment-3-image-rotation/build/tester
"test-2" start time: Nov 18 13:18 MSK
Output:
----------------------------------------------------------
<end of output>
Test time =   0.06 sec
----------------------------------------------------------
Test Passed.
"test-2" end time: Nov 18 13:18 MSK
"test-2" time elapsed: 00:00:00
----------------------------------------------------------

3/6 Testing: test-3
3/6 Test: test-3
Command: "/Applications/CLion.app/Contents/bin/cmake/mac/bin/cmake" "-DTEST_DIR=/Users/anastasiapronina/assignment-3-image-rotation/tester/tests/3" "-DIMAGE_TRANSFORMER=/Users/anastasiapronina/assignment-3-image-rotation/build/solution/image-transformer" "-DIMAGE_MATCHER=/Users/anastasiapronina/assignment-3-image-rotation/build/tester/image-matcher" "-P" "/Users/anastasiapronina/assignment-3-image-rotation/tester/tester.cmake"
Directory: /Users/anastasiapronina/assignment-3-image-rotation/build/tester
"test-3" start time: Nov 18 13:18 MSK
Output:
----------------------------------------------------------
<end of output>
Test time =   0.01 sec
----------------------------------------------------------
Test Passed.
"test-3" end time: Nov 18 13:18 MSK
"test-3" time elapsed: 00:00:00
----------------------------------------------------------

4/6 Testing: test-4
4/6 Test: test-4
Command: "/Applications/CLion.app/Contents/bin/cmake/mac/bin/cmake" "-DTEST_DIR=/Users/anastasiapronina/assignment-3-image-rotation/tester/tests/4" "-DIMAGE_TRANSFORMER=/Users/anastasiapronina/assignment-3-image-rotation/build/solution/image-transformer" "-DIMAGE_MATCHER=/Users/anastasiapronina/assignment-3-image-rotation/build/tester/image-matcher" "-P" "/Users/anastasiapronina/assignment-3-image-rotation/tester/tester.cmake"
Directory: /Users/anastasiapronina/assignment-3-image-rotation/build/tester
"test-4" start time: Nov 18 13:18 MSK
Output:
----------------------------------------------------------
<end of output>
Test time =   0.07 sec
----------------------------------------------------------
Test Passed.
"test-4" end time: Nov 18 13:18 MSK
"test-4" time elapsed: 00:00:00
----------------------------------------------------------

5/6 Testing: test-5
5/6 Test: test-5
Command: "/Applications/CLion.app/Contents/bin/cmake/mac/bin/cmake" "-DTEST_DIR=/Users/anastasiapronina/assignment-3-image-rotation/tester/tests/5" "-DIMAGE_TRANSFORMER=/Users/anastasiapronina/assignment-3-image-rotation/build/solution/image-transformer" "-DIMAGE_MATCHER=/Users/anastasiapronina/assignment-3-image-rotation/build/tester/image-matcher" "-P" "/Users/anastasiapronina/assignment-3-image-rotation/tester/tester.cmake"
Directory: /Users/anastasiapronina/assignment-3-image-rotation/build/tester
"test-5" start time: Nov 18 13:18 MSK
Output:
----------------------------------------------------------
<end of output>
Test time =   0.06 sec
----------------------------------------------------------
Test Passed.
"test-5" end time: Nov 18 13:18 MSK
"test-5" time elapsed: 00:00:00
----------------------------------------------------------

6/6 Testing: test-6
6/6 Test: test-6
Command: "/Applications/CLion.app/Contents/bin/cmake/mac/bin/cmake" "-DTEST_DIR=/Users/anastasiapronina/assignment-3-image-rotation/tester/tests/6" "-DIMAGE_TRANSFORMER=/Users/anastasiapronina/assignment-3-image-rotation/build/solution/image-transformer" "-DIMAGE_MATCHER=/Users/anastasiapronina/assignment-3-image-rotation/build/tester/image-matcher" "-P" "/Users/anastasiapronina/assignment-3-image-rotation/tester/tester.cmake"
Directory: /Users/anastasiapronina/assignment-3-image-rotation/build/tester
"test-6" start time: Nov 18 13:18 MSK
Output:
----------------------------------------------------------
<end of output>
Test time =   0.07 sec
----------------------------------------------------------
Test Passed.
"test-6" end time: Nov 18 13:18 MSK
"test-6" time elapsed: 00:00:00
----------------------------------------------------------

End testing: Nov 18 13:18 MSK
