<?xml version="1.0" encoding="UTF-8"?>
<Site BuildName="Darwin-clang++"
	BuildStamp="20231110-0908-Experimental"
	Name="MacBook-Pro-Anastasia-4.local"
	Generator="ctest-3.24.2"
	CompilerName="/usr/bin/clang++"
	CompilerVersion=""
	OSName="macOS"
	Hostname="MacBook-Pro-Anastasia-4.local"
	OSRelease="12.3"
	OSVersion="21E230"
	OSPlatform="arm64"
	Is64Bits="1"
	VendorString="IBM"
	VendorID="IBM"
	FamilyID="16777228"
	ModelID="2"
	ProcessorCacheSize="131072"
	NumberOfLogicalCPU="8"
	NumberOfPhysicalCPU="8"
	TotalVirtualMemory="5120"
	TotalPhysicalMemory="16384"
	LogicalProcessorsPerPhysical="8"
	ProcessorClockFrequency="0"
	>
	<Testing>
		<StartDateTime>Nov 10 14:24 MSK</StartDateTime>
		<StartTestTime>1699615473</StartTestTime>
		<TestList>
			<Test>./tester/test-6</Test>
		</TestList>
		<Test Status="failed">
			<Name>test-6</Name>
			<Path>./tester</Path>
			<FullName>./tester/test-6</FullName>
			<FullCommandLine>/Applications/CLion.app/Contents/bin/cmake/mac/bin/cmake "-DTEST_DIR=/Users/anastasiapronina/assignment-3-image-rotation/tester/tests/6" "-DIMAGE_TRANSFORMER=/Users/anastasiapronina/assignment-3-image-rotation/build/solution/image-transformer" "-DIMAGE_MATCHER=/Users/anastasiapronina/assignment-3-image-rotation/build/tester/image-matcher" "-P" "/Users/anastasiapronina/assignment-3-image-rotation/tester/tester.cmake"</FullCommandLine>
			<Results>
				<NamedMeasurement type="text/string" name="Exit Code">
					<Value>Failed</Value>
				</NamedMeasurement>
				<NamedMeasurement type="text/string" name="Exit Value">
					<Value>1</Value>
				</NamedMeasurement>
				<NamedMeasurement type="numeric/double" name="Execution Time">
					<Value>0.00865963</Value>
				</NamedMeasurement>
				<NamedMeasurement type="numeric/double" name="Processors">
					<Value>1</Value>
				</NamedMeasurement>
				<NamedMeasurement type="text/string" name="Completion Status">
					<Value>Completed</Value>
				</NamedMeasurement>
				<NamedMeasurement type="text/string" name="Command Line">
					<Value>/Applications/CLion.app/Contents/bin/cmake/mac/bin/cmake "-DTEST_DIR=/Users/anastasiapronina/assignment-3-image-rotation/tester/tests/6" "-DIMAGE_TRANSFORMER=/Users/anastasiapronina/assignment-3-image-rotation/build/solution/image-transformer" "-DIMAGE_MATCHER=/Users/anastasiapronina/assignment-3-image-rotation/build/tester/image-matcher" "-P" "/Users/anastasiapronina/assignment-3-image-rotation/tester/tester.cmake"</Value>
				</NamedMeasurement>
				<NamedMeasurement type="text/string" name="Environment">
					<Value>#CTEST_RESOURCE_GROUP_COUNT=</Value>
				</NamedMeasurement>
				<Measurement>
					<Value encoding="base64" compression="gzip">eJytT82KwkAMvs9TBE9aqF12D0IRDxaPsodlz0sYYx3amSlJCvr2plX3CTyEhOTL99McsSM4MGcGVKh+hVgqTCiKEnDgnELCCkVCmyIlLb/KELGlkrOihpwqJVHiZ1v7aIT15wcsI4kYcFU7AGf1EOExGWMLiwdLRPUX4sUEKIoCvkcdRq2neVptKQ56272uM8X/cY8nOAcWhZDsyeae3CzWYN/Dj6LvzEY2AJM37+Cn/fwyu3pb2g0s6Ur+z6L4buWcuwMbj3Cw====</Value>
				</Measurement>
			</Results>
		</Test>
		<EndDateTime>Nov 10 14:24 MSK</EndDateTime>
		<EndTestTime>1699615473</EndTestTime>
		<ElapsedMinutes>0</ElapsedMinutes>
	</Testing>
</Site>
